<?xml version="1.0" encoding="UTF-8"?>
<!-- Generated by org.testng.reporters.JUnitXMLReporter -->
<testsuite ignored="0" hostname="LAPTOP-DI90479L" failures="2" tests="5" name="Test" time="0.732" errors="0" timestamp="2022-12-01T08:47:55 IST">
  <testcase classname="ExtenetReportDemo.TestCaseExample" name="testMethod1" time="0.172"/>
  <testcase classname="ExtenetReportDemo.TestCaseExample" name="testMethod2" time="0.005">
    <failure type="java.lang.AssertionError" message="expected [true] but found [false]">
      <![CDATA[java.lang.AssertionError: expected [true] but found [false]
at ExtenetReportDemo.TestCaseExample.testMethod2(TestCaseExample.java:18)
at java.base/java.util.ArrayList.forEach(ArrayList.java:1511)
... Removed 29 stack frames]]>
    </failure>
  </testcase> <!-- testMethod2 -->
  <testcase classname="ExtenetReportDemo.TestCaseExample" name="testMethod3" time="0.003">
    <failure type="java.lang.AssertionError" message="expected [true] but found [false]">
      <![CDATA[java.lang.AssertionError: expected [true] but found [false]
at ExtenetReportDemo.TestCaseExample.testMethod3(TestCaseExample.java:24)
at java.base/java.util.ArrayList.forEach(ArrayList.java:1511)
... Removed 29 stack frames]]>
    </failure>
  </testcase> <!-- testMethod3 -->
  <testcase classname="ExtenetReportDemo.TestCaseExample" name="testMethod4" time="0.001"/>
  <testcase classname="ExtenetReportDemo.TestCaseExample" name="testMethod5" time="0.001">
    <skipped/>
  </testcase> <!-- testMethod5 -->
</testsuite> <!-- Test -->
